0 info it worked if it ends with ok
1 verbose cli [ '/Users/twei/.nvm/versions/node/v6.11.0/bin/node',
1 verbose cli   '/Users/twei/.nvm/versions/node/v6.11.0/bin/npm',
1 verbose cli   'run',
1 verbose cli   'build' ]
2 info using npm@3.10.10
3 info using node@v6.11.0
4 verbose run-script [ 'prebuild', 'build', 'postbuild' ]
5 info lifecycle BSC@1.0.0~prebuild: BSC@1.0.0
6 silly lifecycle BSC@1.0.0~prebuild: no script for prebuild, continuing
7 info lifecycle BSC@1.0.0~build: BSC@1.0.0
8 verbose lifecycle BSC@1.0.0~build: unsafe-perm in lifecycle true
9 verbose lifecycle BSC@1.0.0~build: PATH: /Users/twei/.nvm/versions/node/v6.11.0/lib/node_modules/npm/bin/node-gyp-bin:/Users/twei/git_workspace/BSC/node_modules/.bin:/Library/Frameworks/Python.framework/Versions/2.7/bin:/Users/twei/.nvm/versions/node/v6.11.0/bin:/usr/local/bin:/usr/bin:/bin:/usr/sbin:/sbin:/Applications/VMware Fusion.app/Contents/Public:/Library/Apple/usr/bin:/node_modules/.bin:/Applications/BSC Studio.app/Contents/MacOS:/Library/Java/JavaVirtualMachines/openjdk-11.0.2.jdk/Contents/Home/bin:/usr/local/Cellar/maven/3.6.0/bin:/Volumes/apps/bin/
10 verbose lifecycle BSC@1.0.0~build: CWD: /Users/twei/git_workspace/BSC
11 silly lifecycle BSC@1.0.0~build: Args: [ '-c', 'truffle compile' ]
12 silly lifecycle BSC@1.0.0~build: Returned: code: 1  signal: null
13 info lifecycle BSC@1.0.0~build: Failed to exec build script
14 verbose stack Error: BSC@1.0.0 build: `truffle compile`
14 verbose stack Exit status 1
14 verbose stack     at EventEmitter.<anonymous> (/Users/twei/.nvm/versions/node/v6.11.0/lib/node_modules/npm/lib/utils/lifecycle.js:255:16)
14 verbose stack     at emitTwo (events.js:106:13)
14 verbose stack     at EventEmitter.emit (events.js:191:7)
14 verbose stack     at ChildProcess.<anonymous> (/Users/twei/.nvm/versions/node/v6.11.0/lib/node_modules/npm/lib/utils/spawn.js:40:14)
14 verbose stack     at emitTwo (events.js:106:13)
14 verbose stack     at ChildProcess.emit (events.js:191:7)
14 verbose stack     at maybeClose (internal/child_process.js:891:16)
14 verbose stack     at Process.ChildProcess._handle.onexit (internal/child_process.js:226:5)
15 verbose pkgid BSC@1.0.0
16 verbose cwd /Users/twei/git_workspace/BSC
17 error Darwin 19.6.0
18 error argv "/Users/twei/.nvm/versions/node/v6.11.0/bin/node" "/Users/twei/.nvm/versions/node/v6.11.0/bin/npm" "run" "build"
19 error node v6.11.0
20 error npm  v3.10.10
21 error code ELIFECYCLE
22 error BSC@1.0.0 build: `truffle compile`
22 error Exit status 1
23 error Failed at the BSC@1.0.0 build script 'truffle compile'.
23 error Make sure you have the latest version of node.js and npm installed.
23 error If you do, this is most likely a problem with the BSC package,
23 error not with npm itself.
23 error Tell the author that this fails on your system:
23 error     truffle compile
23 error You can get information on how to open an issue for this project with:
23 error     npm bugs BSC
23 error Or if that isn't available, you can get their info via:
23 error     npm owner ls BSC
23 error There is likely additional logging output above.
24 verbose exit [ 1, true ]
